<?xml version="1.0" encoding="UTF-8"?>
<coverage generated="1690299796162" clover="3.2.0">
  <project timestamp="1690299796162" name="All files">
    <metrics statements="59" coveredstatements="52" conditionals="32" coveredconditionals="20" methods="20" coveredmethods="17" elements="111" coveredelements="89" complexity="0" loc="59" ncloc="59" packages="1" files="1" classes="1"/>
    <file name="time.ts" path="/Users/alexissgarbossa/playground/shouldideploy/helpers/time.ts">
      <metrics statements="59" coveredstatements="52" conditionals="32" coveredconditionals="20" methods="20" coveredmethods="17"/>
      <line num="1" count="2" type="stmt"/>
      <line num="2" count="2" type="stmt"/>
      <line num="6" count="20" type="cond" truecount="0" falsecount="1"/>
      <line num="7" count="20" type="cond" truecount="1" falsecount="1"/>
      <line num="8" count="20" type="cond" truecount="2" falsecount="0"/>
      <line num="9" count="4" type="stmt"/>
      <line num="10" count="4" type="stmt"/>
      <line num="11" count="4" type="stmt"/>
      <line num="12" count="4" type="stmt"/>
      <line num="14" count="16" type="stmt"/>
      <line num="18" count="2" type="stmt"/>
      <line num="19" count="0" type="stmt"/>
      <line num="25" count="2" type="stmt"/>
      <line num="26" count="0" type="cond" truecount="0" falsecount="1"/>
      <line num="27" count="0" type="stmt"/>
      <line num="31" count="2" type="stmt"/>
      <line num="32" count="32" type="cond" truecount="1" falsecount="0"/>
      <line num="33" count="4" type="stmt"/>
      <line num="35" count="28" type="stmt"/>
      <line num="38" count="28" type="stmt"/>
      <line num="46" count="2" type="stmt"/>
      <line num="47" count="2" type="stmt"/>
      <line num="48" count="2" type="stmt"/>
      <line num="49" count="1" type="stmt"/>
      <line num="51" count="1" type="stmt"/>
      <line num="55" count="2" type="stmt"/>
      <line num="56" count="0" type="cond" truecount="0" falsecount="1"/>
      <line num="57" count="0" type="stmt"/>
      <line num="60" count="0" type="cond" truecount="0" falsecount="2"/>
      <line num="67" count="2" type="stmt"/>
      <line num="68" count="6" type="cond" truecount="0" falsecount="1"/>
      <line num="69" count="0" type="stmt"/>
      <line num="71" count="6" type="stmt"/>
      <line num="74" count="6" type="stmt"/>
      <line num="81" count="2" type="stmt"/>
      <line num="82" count="2" type="stmt"/>
      <line num="89" count="2" type="stmt"/>
      <line num="90" count="7" type="stmt"/>
      <line num="97" count="2" type="stmt"/>
      <line num="98" count="2" type="stmt"/>
      <line num="105" count="2" type="stmt"/>
      <line num="106" count="3" type="stmt"/>
      <line num="113" count="2" type="stmt"/>
      <line num="114" count="1" type="cond" truecount="2" falsecount="0"/>
      <line num="121" count="2" type="stmt"/>
      <line num="122" count="1" type="cond" truecount="2" falsecount="0"/>
      <line num="129" count="2" type="stmt"/>
      <line num="130" count="1" type="cond" truecount="2" falsecount="0"/>
      <line num="137" count="2" type="stmt"/>
      <line num="138" count="1" type="cond" truecount="1" falsecount="1"/>
      <line num="145" count="2" type="stmt"/>
      <line num="146" count="5" type="stmt"/>
      <line num="157" count="2" type="stmt"/>
      <line num="158" count="1" type="cond" truecount="2" falsecount="0"/>
      <line num="165" count="2" type="stmt"/>
      <line num="166" count="2" type="stmt"/>
      <line num="178" count="2" type="stmt"/>
      <line num="179" count="4" type="cond" truecount="1" falsecount="2"/>
      <line num="181" count="2" type="stmt"/>
    </file>
  </project>
</coverage>
