TN:
SF:helpers/time.ts
FN:1,(anonymous_0)
FN:6,Time
FN:18,(anonymous_2)
FN:25,(anonymous_3)
FN:31,(anonymous_4)
FN:46,(anonymous_5)
FN:55,(anonymous_6)
FN:67,(anonymous_7)
FN:81,(anonymous_8)
FN:89,(anonymous_9)
FN:97,(anonymous_10)
FN:105,(anonymous_11)
FN:113,(anonymous_12)
FN:121,(anonymous_13)
FN:129,(anonymous_14)
FN:137,(anonymous_15)
FN:145,(anonymous_16)
FN:157,(anonymous_17)
FN:165,(anonymous_18)
FN:178,(anonymous_19)
FNF:20
FNH:17
FNDA:2,(anonymous_0)
FNDA:20,Time
FNDA:0,(anonymous_2)
FNDA:0,(anonymous_3)
FNDA:32,(anonymous_4)
FNDA:2,(anonymous_5)
FNDA:0,(anonymous_6)
FNDA:6,(anonymous_7)
FNDA:2,(anonymous_8)
FNDA:7,(anonymous_9)
FNDA:2,(anonymous_10)
FNDA:3,(anonymous_11)
FNDA:1,(anonymous_12)
FNDA:1,(anonymous_13)
FNDA:1,(anonymous_14)
FNDA:1,(anonymous_15)
FNDA:5,(anonymous_16)
FNDA:1,(anonymous_17)
FNDA:2,(anonymous_18)
FNDA:4,(anonymous_19)
DA:1,2
DA:2,2
DA:6,20
DA:7,20
DA:8,20
DA:9,4
DA:10,4
DA:11,4
DA:12,4
DA:14,16
DA:18,2
DA:19,0
DA:25,2
DA:26,0
DA:27,0
DA:31,2
DA:32,32
DA:33,4
DA:35,28
DA:38,28
DA:46,2
DA:47,2
DA:48,2
DA:49,1
DA:51,1
DA:55,2
DA:56,0
DA:57,0
DA:60,0
DA:67,2
DA:68,6
DA:69,0
DA:71,6
DA:74,6
DA:81,2
DA:82,2
DA:89,2
DA:90,7
DA:97,2
DA:98,2
DA:105,2
DA:106,3
DA:113,2
DA:114,1
DA:121,2
DA:122,1
DA:129,2
DA:130,1
DA:137,2
DA:138,1
DA:145,2
DA:146,5
DA:157,2
DA:158,1
DA:165,2
DA:166,2
DA:178,2
DA:179,4
DA:181,2
LF:59
LH:52
BRDA:6,0,0,0
BRDA:7,1,0,20
BRDA:7,1,1,0
BRDA:8,2,0,4
BRDA:8,2,1,16
BRDA:26,3,0,0
BRDA:32,4,0,4
BRDA:56,5,0,0
BRDA:60,6,0,0
BRDA:60,6,1,0
BRDA:68,7,0,0
BRDA:114,8,0,1
BRDA:114,8,1,1
BRDA:122,9,0,1
BRDA:122,9,1,1
BRDA:130,10,0,1
BRDA:130,10,1,1
BRDA:138,11,0,1
BRDA:138,11,1,0
BRDA:147,12,0,5
BRDA:147,12,1,5
BRDA:147,12,2,5
BRDA:158,13,0,1
BRDA:158,13,1,1
BRDA:167,14,0,2
BRDA:167,14,1,2
BRDA:167,14,2,2
BRDA:167,14,3,0
BRDA:167,14,4,0
BRDA:179,15,0,4
BRDA:179,15,1,0
BRDA:179,15,2,0
BRF:32
BRH:20
end_of_record
